07/11 15:10:12.213 | 15:10:12.213 : #00004C98 #Con#Mercury     TCustomClient.Create SocketState=nil AliveTimer=nil
07/11 15:10:12.213 | 15:10:12.213 : #00004C98 #Con#Mercury     TCustomClient.Create: After Read Proxy Settings SocketState=nil AliveTimer=nil
07/11 15:10:12.214 | 15:10:12.214 : #00004C98 #Con#Mercury     TServerListManager.LoadFromFile: bNoFile=Sim
07/11 15:10:12.228 | 15:10:12.228 : #00004C98 #Con#Mercury     TCustomClientProcessor.GetHardwareID : Result : 19115DE9
07/11 15:10:12.228 | 15:10:12.228 : #00004C98 #Con#Info        TCustomClient.Create SocketState=nil AliveTimer=nil
07/11 15:10:12.228 | 15:10:12.228 : #00004C98 #Con#Info        TCustomClient.Create: After Read Proxy Settings SocketState=nil AliveTimer=nil
07/11 15:10:12.229 | 15:10:12.229 : #00004C98 #Con#Info        TServerListManager.LoadFromFile: bNoFile=Sim
07/11 15:10:12.232 | 15:10:12.232 : #00004C98 #Con#Info        TCustomClientProcessor.GetHardwareID : Result : 19115DE9
07/11 15:10:12.343 | 15:10:12.343 : #00004020 #Con#Mercury     TCustomClient.ExecuteCreate: AliveTimer Interval=2000
07/11 15:10:12.353 | 15:10:12.353 : #00004F68 #Con#Info        TCustomClient.ExecuteCreate: AliveTimer Interval=2000
07/11 15:10:12.460 | 15:10:12.460 : #00004F68 #Con#Info        TCustomClient.Execute : Start SocketState=nil AliveTimer=False
07/11 15:10:12.492 | 15:10:12.492 : #00004F68 #Con#Info        TCustomClient.BuildSocket: SocketState=wsClosed AliveTimer=False SSL=True
07/11 15:10:12.493 | 15:10:12.493 : #00004020 #Con#Mercury     TCustomClient.Execute : Start SocketState=nil AliveTimer=False
07/11 15:10:12.510 | 15:10:12.510 : #00004020 #Con#Mercury     TCustomClient.BuildSocket: SocketState=wsClosed AliveTimer=False SSL=False
07/11 15:10:12.545 | 15:10:12.545 : #00004F68 #Con#Info        TCustomClient.ConfigureSocket : Sem Proxy SocketState=wsClosed AliveTimer=False SSL=True
07/11 15:10:12.545 | 15:10:12.545 : #00004020 #Con#Mercury     TCustomClient.ConfigureSocket : Sem Proxy SocketState=wsClosed AliveTimer=False SSL=False
07/11 15:10:12.545 | 15:10:12.545 : #00004F68 #Con#Info        TCustomClient.ConfigureSocket : fa07.nelogica.com.br : 643 | SSL= True SocketState=wsClosed AliveTimer=False SSL=True
07/11 15:10:12.545 | 15:10:12.545 : #00004F68 #Con#Info        TCustomClient.HandleClientConnect: AliveTimer Interval=800
07/11 15:10:12.545 | 15:10:12.545 : #00004020 #Con#Mercury     TCustomClient.ConfigureSocket : fg09.nelogica.com.br : 443 | SSL= False SocketState=wsClosed AliveTimer=False SSL=False
07/11 15:10:12.545 | 15:10:12.545 : #00004020 #Con#Mercury     TCustomClient.HandleClientConnect: AliveTimer Interval=800
07/11 15:10:12.545 | 15:10:12.545 : #00004C98 #Log#Roteamento  TDataFeedManager.HandleConnectionState: WM_CONNECTOR_STATE_CONNECTION 2 MercuryState=1
07/11 15:10:12.545 | 15:10:12.545 : #00004C98 #Log#Roteamento  TConnectorThread.ProcessStateCallback: Type=2 Result=1
07/11 15:10:12.560 | 15:10:12.560 : #00004020 #Con#Mercury     TCustomClient.HandleClientConnect SocketState=wsConnecting AliveTimer=True SSL=False
07/11 15:10:12.560 | 15:10:12.560 : #00004020 #Con#Mercury     TCustomClient.HandleClientConnect not closed :  SocketState=wsConnecting AliveTimer=True SSL=False
07/11 15:10:12.574 | 15:10:12.574 : #00004F68 #Con#Info        TCustomClient.HandleClientConnect SocketState=wsConnecting AliveTimer=True SSL=True
07/11 15:10:12.574 | 15:10:12.574 : #00004F68 #Con#Info        TCustomClient.HandleClientConnect not closed :  SocketState=wsConnecting AliveTimer=True SSL=True
07/11 15:10:12.665 | 15:10:12.665 : #00004020 #Per#Mercury     TMercuryClient.ProcessMessage(1124):  Time=104.899
07/11 15:10:12.665 | 15:10:12.665 : #00004020 #Con#Mercury     TCustomClient.FWSocketSessionConnected ok : 0 SocketState=wsConnected AliveTimer=False SSL=False
07/11 15:10:12.665 | 15:10:12.665 : #00004020 #Con#Mercury     TCustomClient.FWSocketSessionConnected: AliveTimer Interval=10000
07/11 15:10:12.665 | 15:10:12.665 : #00004020 #Con#Mercury     TMercuryClientProcessor.SendIamAlive : 07/11/2022 15:10:12
07/11 15:10:12.665 | 15:10:12.665 : #00004C98 #Log#Roteamento  TDataFeedManager.HandleConnectionState: WM_CONNECTOR_STATE_CONNECTION 2 MercuryState=2
07/11 15:10:12.665 | 15:10:12.665 : #00004C98 #Log#Roteamento  TConnectorThread.ProcessStateCallback: Type=2 Result=2
07/11 15:10:12.680 | 15:10:12.680 : #00004F68 #Con#Info        TCustomClient.FWSocketSessionConnected ok : 0 SocketState=wsConnected AliveTimer=False SSL=True
07/11 15:10:12.680 | 15:10:12.680 : #00004F68 #Con#Info        TCustomClient.FWSocketSessionConnected: AliveTimer Interval=10000
07/11 15:10:12.779 | 15:10:12.779 : #00004020 #Con#Mercury     TMercuryClientProcessor.BuildNewLoginMsg : HDSerial : 00523_D8_B1124B_01.D
07/11 15:10:12.779 | 15:10:12.779 : #00004020 #Con#Mercury     TMercuryClientProcessor.BuildNewLoginMsg: Login=15557724710 PassHash=AA0***
07/11 15:10:12.779 | 15:10:12.779 : #00004020 #Con#Mercury     TMercuryClientProcessor.BuildNewLoginMsg : Machine ID : 19115DE9
07/11 15:10:12.780 | 15:10:12.780 : #00004020 #Con#Mercury     TCustomClient.HandleClientConnect connected : 49 :  SocketState=wsConnected AliveTimer=True SSL=False
07/11 15:10:12.793 | 15:10:12.793 : #00004F68 #Con#Info        TInfoClientProcessor.BuildNewLoginMsg : HDSerial : 00523_D8_B1124B_01.D
07/11 15:10:12.793 | 15:10:12.793 : #00004F68 #Con#Info        TInfoClientProcessor.BuildNewLoginMsg: Login=15557724710 PassHash=AA0***
07/11 15:10:12.793 | 15:10:12.793 : #00004F68 #Con#Info        TInfoClientProcessor.BuildNewLoginMsg : Machine ID : 19115DE9 Product: Family:Unknown
07/11 15:10:12.793 | 15:10:12.793 : #00004F68 #Con#Info        TInfoClientProcessor.Connected
07/11 15:10:12.881 | 15:10:12.881 : #00004020 #Per#Mercury     TMercuryClient.ProcessMessage(1124):  Time=101.255
07/11 15:10:12.881 | 15:10:12.881 : #00004020 #Con#Mercury     TMercuryClientProcessor.ProcessImAlive : 07/11/2022 15:10:12.265 BookBMF=0 BookBovespa=0 TradesBMF=0 TradesBovespa=0 QuotesBMF=0 QuotesBovespa=0 TradesReplay=0 QuotesReplay=0
07/11 15:10:12.881 | 15:10:12.265 : #00004020 #Con#Mercury     TCustomClient.HandleClientConnect connected : 48 :  SocketState=wsConnected AliveTimer=True SSL=False
07/11 15:10:12.882 | 15:10:12.266 : #00004F68 #Con#Info        TCustomClient.HandleClientConnect connected : 49 :  SocketState=wsConnected AliveTimer=True SSL=True
07/11 15:10:12.990 | 15:10:12.374 : #00004020 #Per#Mercury     TMercuryClient.ProcessMessage(1124):  Time=108.833
07/11 15:10:12.990 | 15:10:12.374 : #00004020 #Con#Mercury     TExchangeManager.AddExchangeInfo: IsReplay: 0 Bolsa: Bovespa B
07/11 15:10:12.990 | 15:10:12.374 : #00004020 #Con#Mercury     TExchangeManager.AddExchangeInfo: IsReplay: 0 Bolsa: BMF F
07/11 15:10:12.990 | 15:10:12.374 : #00004020 #Con#Mercury     TExchangeManager.AddExchangeInfo: IsReplay: 0 Bolsa: Economic E
07/11 15:10:12.990 | 15:10:12.374 : #00004F68 #Con#Info        TCustomClient.HandleClientConnect connected : 48 :  SocketState=wsConnected AliveTimer=True SSL=True
07/11 15:10:12.990 | 15:10:12.374 : #00004020 #Con#Mercury     TMercuryClientProcessor.ProcessLoginResult : OK
07/11 15:10:12.990 | 15:10:12.374 : #00004C98 #Log#Roteamento  TDataFeedManager.HandleConnectionState: WM_CONNECTOR_STATE_CONNECTION 2 MercuryState=4
07/11 15:10:12.990 | 15:10:12.374 : #00004020 #Con#Mercury     TMercuryClientProcessor.ProcessTimeZoneServer : TimeZone : -180
07/11 15:10:12.990 | 15:10:12.374 : #00004C98 #Log#Roteamento  TConnectorThread.ProcessStateCallback: Type=2 Result=4
07/11 15:10:12.990 | 15:10:12.374 : #00004020 #Con#Mercury     TCustomClient.HandleClientConnect connected : 47 :  SocketState=wsConnected AliveTimer=True SSL=False
07/11 15:10:13.098 | 15:10:12.482 : #00004020 #Per#Mercury     TMercuryClient.ProcessMessage(1124):  Time=107.420
07/11 15:10:13.098 | 15:10:12.482 : #00004020 #Con#Mercury     TCustomClient.HandleClientConnect connected : 46 :  SocketState=wsConnected AliveTimer=True SSL=False
07/11 15:10:13.098 | 15:10:12.482 : #00004F68 #Con#Info        TInfoClientProcessor.SendMarketHourVersionForExchange: MarketHours: B : 30/12/1899
07/11 15:10:13.098 | 15:10:12.482 : #00004F68 #Con#Info        TInfoClientProcessor.SendMarketHourVersionForExchange: MarketHours: F : 30/12/1899
07/11 15:10:13.098 | 15:10:12.482 : #00004F68 #Con#Info        TInfoClientProcessor.SendMarketHourVersionForExchange: MarketHours: E : 30/12/1899
07/11 15:10:13.098 | 15:10:12.482 : #00004F68 #Con#Info        TCustomClient.HandleClientConnect connected : 47 :  SocketState=wsConnected AliveTimer=True SSL=True
07/11 15:10:13.203 | 15:10:12.587 : #00004020 #Per#Mercury     TMercuryClient.ProcessMessage(1124):  Time=104.675
07/11 15:10:13.203 | 15:10:12.587 : #00004020 #Con#Mercury     TCustomClient.HandleClientConnect connected : 45 :  SocketState=wsConnected AliveTimer=True SSL=False
07/11 15:10:13.203 | 15:10:12.587 : #00004F68 #Con#Info        TCustomClient.HandleClientConnect connected : 46 :  SocketState=wsConnected AliveTimer=True SSL=True
07/11 15:10:13.312 | 15:10:12.696 : #00004020 #Per#Mercury     TMercuryClient.ProcessMessage(1124):  Time=109.290
07/11 15:10:13.312 | 15:10:12.696 : #00004020 #Con#Mercury     TCustomClient.HandleClientConnect connected : 44 :  SocketState=wsConnected AliveTimer=True SSL=False
07/11 15:10:13.313 | 15:10:12.697 : #00004F68 #Con#Info        TCustomClient.HandleClientConnect connected : 45 :  SocketState=wsConnected AliveTimer=True SSL=True
07/11 15:10:13.421 | 15:10:12.805 : #00004020 #Per#Mercury     TMercuryClient.ProcessMessage(1124):  Time=108.474
07/11 15:10:13.421 | 15:10:12.805 : #00004020 #Con#Mercury     TCustomClient.HandleClientConnect connected : 43 :  SocketState=wsConnected AliveTimer=True SSL=False
07/11 15:10:13.421 | 15:10:12.805 : #00004F68 #Con#Info        TCustomClient.HandleClientConnect connected : 44 :  SocketState=wsConnected AliveTimer=True SSL=True
07/11 15:10:13.530 | 15:10:12.914 : #00004020 #Per#Mercury     TMercuryClient.ProcessMessage(1124):  Time=109.675
07/11 15:10:13.530 | 15:10:12.914 : #00004020 #Con#Mercury     TCustomClient.HandleClientConnect connected : 42 :  SocketState=wsConnected AliveTimer=True SSL=False
07/11 15:10:13.530 | 15:10:12.914 : #00004F68 #Con#Info        TCustomClient.HandleClientConnect connected : 43 :  SocketState=wsConnected AliveTimer=True SSL=True
07/11 15:10:13.640 | 15:10:13.024 : #00004020 #Per#Mercury     TMercuryClient.ProcessMessage(1124):  Time=110.236
07/11 15:10:13.640 | 15:10:13.024 : #00004020 #Con#Mercury     TCustomClient.HandleClientConnect connected : 41 :  SocketState=wsConnected AliveTimer=True SSL=False
07/11 15:10:13.641 | 15:10:13.025 : #00004F68 #Con#Info        TCustomClient.FWSocketSslHandshakeDone: Success Address=fa07.nelogica.com.br
07/11 15:10:13.641 | 15:10:13.025 : #00004F68 #Con#Info        TCustomClient.HandleClientConnect connected : 42 :  SocketState=wsConnected AliveTimer=True SSL=True
07/11 15:10:13.751 | 15:10:13.135 : #00004020 #Per#Mercury     TMercuryClient.ProcessMessage(1124):  Time=109.932
07/11 15:10:13.751 | 15:10:13.135 : #00004020 #Con#Mercury     TCustomClient.HandleClientConnect connected : 40 :  SocketState=wsConnected AliveTimer=True SSL=False
07/11 15:10:13.751 | 15:10:13.135 : #00004F68 #Con#Info        TCustomClient.HandleClientConnect connected : 41 :  SocketState=wsConnected AliveTimer=True SSL=True
07/11 15:10:13.861 | 15:10:13.245 : #00004020 #Per#Mercury     TMercuryClient.ProcessMessage(1124):  Time=110.098
07/11 15:10:13.861 | 15:10:13.245 : #00004020 #Con#Mercury     TCustomClient.HandleClientConnect connected : 39 :  SocketState=wsConnected AliveTimer=True SSL=False
07/11 15:10:13.861 | 15:10:13.245 : #00004F68 #Con#Info        TFilesProtocolDecoder.ProcessMarketHoursReceived: B
07/11 15:10:13.861 | 15:10:13.245 : #00004F68 #Con#Info        TCustomClient.HandleClientConnect connected : 40 :  SocketState=wsConnected AliveTimer=True SSL=True
07/11 15:10:13.971 | 15:10:13.355 : #00004020 #Per#Mercury     TMercuryClient.ProcessMessage(1124):  Time=109.641
07/11 15:10:13.971 | 15:10:13.355 : #00004020 #Con#Mercury     TCustomClient.HandleClientConnect connected : 38 :  SocketState=wsConnected AliveTimer=True SSL=False
07/11 15:10:13.971 | 15:10:13.355 : #00004F68 #Con#Info        TCustomClient.HandleClientConnect connected : 39 :  SocketState=wsConnected AliveTimer=True SSL=True
07/11 15:10:14.078 | 15:10:13.462 : #00004F68 #Con#Info        TCustomClient.HandleClientConnect connected : 38 :  SocketState=wsConnected AliveTimer=True SSL=True
07/11 15:10:14.078 | 15:10:13.462 : #00004020 #Per#Mercury     TMercuryClient.ProcessMessage(1124):  Time=107.814
07/11 15:10:14.078 | 15:10:13.462 : #00004020 #Con#Mercury     TCustomClient.HandleClientConnect connected : 37 :  SocketState=wsConnected AliveTimer=True SSL=False
07/11 15:10:14.185 | 15:10:13.569 : #00004020 #Per#Mercury     TMercuryClient.ProcessMessage(1124):  Time=106.815
07/11 15:10:14.185 | 15:10:13.569 : #00004020 #Con#Mercury     TCustomClient.HandleClientConnect connected : 36 :  SocketState=wsConnected AliveTimer=True SSL=False
07/11 15:10:14.185 | 15:10:13.569 : #00004F68 #Con#Info        TCustomClient.HandleClientConnect connected : 37 :  SocketState=wsConnected AliveTimer=True SSL=True
07/11 15:10:14.295 | 15:10:13.679 : #00004F68 #Con#Info        TCustomClient.HandleClientConnect connected : 36 :  SocketState=wsConnected AliveTimer=True SSL=True
07/11 15:10:14.295 | 15:10:13.679 : #00004020 #Per#Mercury     TMercuryClient.ProcessMessage(1124):  Time=109.782
07/11 15:10:14.295 | 15:10:13.679 : #00004020 #Con#Mercury     TCustomClient.HandleClientConnect connected : 35 :  SocketState=wsConnected AliveTimer=True SSL=False
07/11 15:10:14.404 | 15:10:13.788 : #00004020 #Per#Mercury     TMercuryClient.ProcessMessage(1124):  Time=109.177
07/11 15:10:14.404 | 15:10:13.788 : #00004020 #Con#Mercury     TCustomClient.HandleClientConnect connected : 34 :  SocketState=wsConnected AliveTimer=True SSL=False
07/11 15:10:14.404 | 15:10:13.788 : #00004F68 #Con#Info        TCustomClient.HandleClientConnect connected : 35 :  SocketState=wsConnected AliveTimer=True SSL=True
07/11 15:10:14.512 | 15:10:13.896 : #00004020 #Per#Mercury     TMercuryClient.ProcessMessage(1124):  Time=107.640
07/11 15:10:14.512 | 15:10:13.896 : #00004020 #Con#Mercury     TCustomClient.HandleClientConnect connected : 33 :  SocketState=wsConnected AliveTimer=True SSL=False
07/11 15:10:14.512 | 15:10:13.896 : #00004F68 #Con#Info        TCustomClient.HandleClientConnect connected : 34 :  SocketState=wsConnected AliveTimer=True SSL=True
07/11 15:10:14.623 | 15:10:14.007 : #00004F68 #Con#Info        TCustomClient.HandleClientConnect connected : 33 :  SocketState=wsConnected AliveTimer=True SSL=True
07/11 15:10:14.623 | 15:10:14.007 : #00004020 #Per#Mercury     TMercuryClient.ProcessMessage(1124):  Time=110.511
07/11 15:10:14.623 | 15:10:14.007 : #00004020 #Con#Mercury     TCustomClient.HandleClientConnect connected : 32 :  SocketState=wsConnected AliveTimer=True SSL=False
07/11 15:10:14.731 | 15:10:14.115 : #00004020 #Per#Mercury     TMercuryClient.ProcessMessage(1124):  Time=108.566
07/11 15:10:14.731 | 15:10:14.115 : #00004020 #Con#Mercury     TCustomClient.HandleClientConnect connected : 31 :  SocketState=wsConnected AliveTimer=True SSL=False
07/11 15:10:14.731 | 15:10:14.115 : #00004F68 #Con#Info        TCustomClient.HandleClientConnect connected : 32 :  SocketState=wsConnected AliveTimer=True SSL=True
07/11 15:10:14.841 | 15:10:14.225 : #00004020 #Per#Mercury     TMercuryClient.ProcessMessage(1124):  Time=110.168
07/11 15:10:14.841 | 15:10:14.225 : #00004020 #Con#Mercury     TCustomClient.HandleClientConnect connected : 30 :  SocketState=wsConnected AliveTimer=True SSL=False
07/11 15:10:14.841 | 15:10:14.225 : #00004F68 #Con#Info        TCustomClient.HandleClientConnect connected : 31 :  SocketState=wsConnected AliveTimer=True SSL=True
07/11 15:10:14.948 | 15:10:14.332 : #00004020 #Per#Mercury     TMercuryClient.ProcessMessage(1124):  Time=106.239
07/11 15:10:14.948 | 15:10:14.332 : #00004020 #Con#Mercury     TCustomClient.HandleClientConnect connected : 29 :  SocketState=wsConnected AliveTimer=True SSL=False
07/11 15:10:14.948 | 15:10:14.332 : #00004F68 #Con#Info        TCustomClient.HandleClientConnect connected : 30 :  SocketState=wsConnected AliveTimer=True SSL=True
07/11 15:10:15.055 | 15:10:14.439 : #00004020 #Per#Mercury     TMercuryClient.ProcessMessage(1124):  Time=107.395
07/11 15:10:15.055 | 15:10:14.439 : #00004020 #Con#Mercury     TCustomClient.HandleClientConnect connected : 28 :  SocketState=wsConnected AliveTimer=True SSL=False
07/11 15:10:15.055 | 15:10:14.439 : #00004F68 #Con#Info        TCustomClient.HandleClientConnect connected : 29 :  SocketState=wsConnected AliveTimer=True SSL=True
07/11 15:10:15.164 | 15:10:14.548 : #00004020 #Per#Mercury     TMercuryClient.ProcessMessage(1124):  Time=109.162
07/11 15:10:15.164 | 15:10:14.548 : #00004020 #Con#Mercury     TCustomClient.HandleClientConnect connected : 27 :  SocketState=wsConnected AliveTimer=True SSL=False
07/11 15:10:15.164 | 15:10:14.548 : #00004F68 #Con#Info        TCustomClient.HandleClientConnect connected : 28 :  SocketState=wsConnected AliveTimer=True SSL=True
07/11 15:10:15.274 | 15:10:14.658 : #00004020 #Per#Mercury     TMercuryClient.ProcessMessage(1124):  Time=109.457
07/11 15:10:15.274 | 15:10:14.658 : #00004020 #Con#Mercury     TCustomClient.HandleClientConnect connected : 26 :  SocketState=wsConnected AliveTimer=True SSL=False
07/11 15:10:15.274 | 15:10:14.658 : #00004F68 #Con#Info        TCustomClient.HandleClientConnect connected : 27 :  SocketState=wsConnected AliveTimer=True SSL=True
07/11 15:10:15.382 | 15:10:14.766 : #00004020 #Per#Mercury     TMercuryClient.ProcessMessage(1124):  Time=108.067
07/11 15:10:15.382 | 15:10:14.766 : #00004020 #Con#Mercury     TCustomClient.HandleClientConnect connected : 25 :  SocketState=wsConnected AliveTimer=True SSL=False
07/11 15:10:15.382 | 15:10:14.766 : #00004F68 #Con#Info        TCustomClient.HandleClientConnect connected : 26 :  SocketState=wsConnected AliveTimer=True SSL=True
07/11 15:10:15.489 | 15:10:14.873 : #00004020 #Per#Mercury     TMercuryClient.ProcessMessage(1124):  Time=107.081
07/11 15:10:15.489 | 15:10:14.873 : #00004020 #Con#Mercury     TCustomClient.HandleClientConnect connected : 24 :  SocketState=wsConnected AliveTimer=True SSL=False
07/11 15:10:15.489 | 15:10:14.873 : #00004F68 #Con#Info        TCustomClient.HandleClientConnect connected : 25 :  SocketState=wsConnected AliveTimer=True SSL=True
07/11 15:10:15.599 | 15:10:14.983 : #00004020 #Per#Mercury     TMercuryClient.ProcessMessage(1124):  Time=110.474
07/11 15:10:15.599 | 15:10:14.983 : #00004020 #Con#Mercury     TCustomClient.HandleClientConnect connected : 23 :  SocketState=wsConnected AliveTimer=True SSL=False
07/11 15:10:15.600 | 15:10:14.984 : #00004F68 #Con#Info        TCustomClient.HandleClientConnect connected : 24 :  SocketState=wsConnected AliveTimer=True SSL=True
07/11 15:10:15.708 | 15:10:15.092 : #00004020 #Per#Mercury     TMercuryClient.ProcessMessage(1124):  Time=108.699
07/11 15:10:15.708 | 15:10:15.092 : #00004020 #Con#Mercury     TCustomClient.HandleClientConnect connected : 22 :  SocketState=wsConnected AliveTimer=True SSL=False
07/11 15:10:15.708 | 15:10:15.092 : #00004F68 #Con#Info        TCustomClient.HandleClientConnect connected : 23 :  SocketState=wsConnected AliveTimer=True SSL=True
07/11 15:10:15.818 | 15:10:15.202 : #00004020 #Per#Mercury     TMercuryClient.ProcessMessage(1124):  Time=109.629
07/11 15:10:15.818 | 15:10:15.202 : #00004020 #Con#Mercury     TCustomClient.HandleClientConnect connected : 21 :  SocketState=wsConnected AliveTimer=True SSL=False
07/11 15:10:15.818 | 15:10:15.202 : #00004F68 #Con#Info        TCustomClient.HandleClientConnect connected : 22 :  SocketState=wsConnected AliveTimer=True SSL=True
07/11 15:10:15.927 | 15:10:15.311 : #00004020 #Per#Mercury     TMercuryClient.ProcessMessage(1124):  Time=108.956
07/11 15:10:15.927 | 15:10:15.311 : #00004020 #Con#Mercury     TCustomClient.HandleClientConnect connected : 20 :  SocketState=wsConnected AliveTimer=True SSL=False
07/11 15:10:15.927 | 15:10:15.311 : #00004F68 #Con#Info        TCustomClient.HandleClientConnect connected : 21 :  SocketState=wsConnected AliveTimer=True SSL=True
07/11 15:10:16.036 | 15:10:15.420 : #00004020 #Per#Mercury     TMercuryClient.ProcessMessage(1124):  Time=109.171
07/11 15:10:16.036 | 15:10:15.420 : #00004020 #Con#Mercury     TCustomClient.HandleClientConnect connected : 19 :  SocketState=wsConnected AliveTimer=True SSL=False
07/11 15:10:16.036 | 15:10:15.420 : #00004F68 #Con#Info        TCustomClient.HandleClientConnect connected : 20 :  SocketState=wsConnected AliveTimer=True SSL=True
07/11 15:10:16.144 | 15:10:15.528 : #00004020 #Per#Mercury     TMercuryClient.ProcessMessage(1124):  Time=108.149
07/11 15:10:16.144 | 15:10:15.528 : #00004020 #Con#Mercury     TMercuryClientProcessor.ProcessImAlive : 07/11/2022 15:10:15.546 BookBMF=0 BookBovespa=0 TradesBMF=0 TradesBovespa=0 QuotesBMF=0 QuotesBovespa=0 TradesReplay=0 QuotesReplay=0
07/11 15:10:16.144 | 15:10:15.546 : #00004020 #Con#Mercury     TCustomClient.HandleClientConnect connected : 18 :  SocketState=wsConnected AliveTimer=True SSL=False
07/11 15:10:16.144 | 15:10:15.546 : #00004F68 #Con#Info        TCustomClient.HandleClientConnect connected : 19 :  SocketState=wsConnected AliveTimer=True SSL=True
07/11 15:10:16.253 | 15:10:15.655 : #00004020 #Per#Mercury     TMercuryClient.ProcessMessage(1124):  Time=108.382
07/11 15:10:16.253 | 15:10:15.655 : #00004020 #Con#Mercury     TCustomClient.HandleClientConnect connected : 17 :  SocketState=wsConnected AliveTimer=True SSL=False
07/11 15:10:16.253 | 15:10:15.655 : #00004F68 #Con#Info        TCustomClient.HandleClientConnect connected : 18 :  SocketState=wsConnected AliveTimer=True SSL=True
07/11 15:10:16.359 | 15:10:15.761 : #00004020 #Per#Mercury     TMercuryClient.ProcessMessage(1124):  Time=106.084
07/11 15:10:16.359 | 15:10:15.761 : #00004020 #Con#Mercury     TCustomClient.HandleClientConnect connected : 16 :  SocketState=wsConnected AliveTimer=True SSL=False
07/11 15:10:16.359 | 15:10:15.761 : #00004F68 #Con#Info        TCustomClient.HandleClientConnect connected : 17 :  SocketState=wsConnected AliveTimer=True SSL=True
07/11 15:10:16.468 | 15:10:15.870 : #00004020 #Per#Mercury     TMercuryClient.ProcessMessage(1124):  Time=109.019
07/11 15:10:16.468 | 15:10:15.870 : #00004020 #Con#Mercury     TCustomClient.HandleClientConnect connected : 15 :  SocketState=wsConnected AliveTimer=True SSL=False
07/11 15:10:16.468 | 15:10:15.870 : #00004F68 #Con#Info        TCustomClient.HandleClientConnect connected : 16 :  SocketState=wsConnected AliveTimer=True SSL=True
07/11 15:10:16.577 | 15:10:15.979 : #00004020 #Per#Mercury     TMercuryClient.ProcessMessage(1124):  Time=109.239
07/11 15:10:16.577 | 15:10:15.979 : #00004020 #Con#Mercury     TCustomClient.HandleClientConnect connected : 14 :  SocketState=wsConnected AliveTimer=True SSL=False
07/11 15:10:16.578 | 15:10:15.980 : #00004F68 #Con#Info        TCustomClient.HandleClientConnect connected : 15 :  SocketState=wsConnected AliveTimer=True SSL=True
07/11 15:10:16.686 | 15:10:16.088 : #00004020 #Per#Mercury     TMercuryClient.ProcessMessage(1124):  Time=108.309
07/11 15:10:16.686 | 15:10:16.088 : #00004020 #Con#Mercury     TCustomClient.HandleClientConnect connected : 13 :  SocketState=wsConnected AliveTimer=True SSL=False
07/11 15:10:16.687 | 15:10:16.089 : #00004F68 #Con#Info        TCustomClient.HandleClientConnect connected : 14 :  SocketState=wsConnected AliveTimer=True SSL=True
07/11 15:10:16.796 | 15:10:16.198 : #00004020 #Per#Mercury     TMercuryClient.ProcessMessage(1124):  Time=109.927
07/11 15:10:16.796 | 15:10:16.198 : #00004020 #Con#Mercury     TCustomClient.HandleClientConnect connected : 12 :  SocketState=wsConnected AliveTimer=True SSL=False
07/11 15:10:16.796 | 15:10:16.198 : #00004F68 #Con#Info        TCustomClient.HandleClientConnect connected : 13 :  SocketState=wsConnected AliveTimer=True SSL=True
07/11 15:10:16.905 | 15:10:16.307 : #00004020 #Per#Mercury     TMercuryClient.ProcessMessage(1124):  Time=109.542
07/11 15:10:16.905 | 15:10:16.307 : #00004020 #Con#Mercury     TCustomClient.HandleClientConnect connected : 11 :  SocketState=wsConnected AliveTimer=True SSL=False
07/11 15:10:16.905 | 15:10:16.307 : #00004F68 #Con#Info        TCustomClient.HandleClientConnect connected : 12 :  SocketState=wsConnected AliveTimer=True SSL=True
07/11 15:10:17.015 | 15:10:16.417 : #00004020 #Per#Mercury     TMercuryClient.ProcessMessage(1124):  Time=110.503
07/11 15:10:17.015 | 15:10:16.417 : #00004020 #Con#Mercury     TCustomClient.HandleClientConnect connected : 10 :  SocketState=wsConnected AliveTimer=True SSL=False
07/11 15:10:17.016 | 15:10:16.418 : #00004F68 #Con#Info        TCustomClient.HandleClientConnect connected : 11 :  SocketState=wsConnected AliveTimer=True SSL=True
07/11 15:10:17.125 | 15:10:16.527 : #00004020 #Per#Mercury     TMercuryClient.ProcessMessage(1124):  Time=108.581
07/11 15:10:17.125 | 15:10:16.527 : #00004020 #Con#Mercury     TCustomClient.HandleClientConnect connected : 9 :  SocketState=wsConnected AliveTimer=True SSL=False
07/11 15:10:17.125 | 15:10:16.527 : #00004F68 #Con#Info        TFilesProtocolDecoder.ProcessMarketHoursReceived: F
07/11 15:10:17.125 | 15:10:16.527 : #00004F68 #Con#Info        TCustomClient.HandleClientConnect connected : 10 :  SocketState=wsConnected AliveTimer=True SSL=True
07/11 15:10:17.234 | 15:10:16.636 : #00004020 #Per#Mercury     TMercuryClient.ProcessMessage(1124):  Time=109.147
07/11 15:10:17.234 | 15:10:16.636 : #00004020 #Con#Mercury     TCustomClient.HandleClientConnect connected : 8 :  SocketState=wsConnected AliveTimer=True SSL=False
07/11 15:10:17.234 | 15:10:16.636 : #00004F68 #Con#Info        TFilesProtocolDecoder.ProcessMarketHoursReceived: E
07/11 15:10:17.234 | 15:10:16.636 : #00004F68 #Con#Info        TCustomClient.HandleClientConnect connected : 9 :  SocketState=wsConnected AliveTimer=True SSL=True
07/11 15:10:17.343 | 15:10:16.745 : #00004020 #Per#Mercury     TMercuryClient.ProcessMessage(1124):  Time=108.924
07/11 15:10:17.343 | 15:10:16.745 : #00004020 #Con#Mercury     TCustomClient.HandleClientConnect connected : 7 :  SocketState=wsConnected AliveTimer=True SSL=False
07/11 15:10:17.343 | 15:10:16.745 : #00004F68 #Con#Info        TInfoClientProcessor.ProcessLoginResult :
07/11 15:10:17.343 | 15:10:16.745 : #00004F68 #Con#Info          ActivationResult=OK
07/11 15:10:17.343 | 15:10:16.745 : #00004F68 #Con#Info          Mensagem=Ok
07/11 15:10:17.343 | 15:10:16.745 : #00004F68 #Con#Info          Key=C8A17440EB83B237-396CEEF337DD8130
07/11 15:10:17.343 | 15:10:16.745 : #00004F68 #Con#Info          ActivationCode=111**********410
07/11 15:10:17.343 | 15:10:16.745 : #00004F68 #Con#Info          Bolsas=
07/11 15:10:17.343 | 15:10:16.745 : #00004F68 #Con#Info          Corretoras=0
07/11 15:10:17.343 | 15:10:16.745 : #00004F68 #Con#Info          Opcionais=2
07/11 15:10:17.343 | 15:10:16.745 : #00004F68 #Con#Info          Contratos=0
07/11 15:10:17.343 | 15:10:16.745 : #00004F68 #Con#Info          Product=
07/11 15:10:17.343 | 15:10:16.745 : #00004F68 #Con#Info          TestLicense=False
07/11 15:10:17.343 | 15:10:16.745 : #00004F68 #Con#Info        TCustomClient.HandleClientConnect connected : 8 :  SocketState=wsConnected AliveTimer=True SSL=True
07/11 15:10:17.345 | 15:10:16.747 : #00004C98 #Log#Roteamento  TLicenseManager.SetCode:  Trial=False PrivateFalse RoteamentoFalse OptionsAddOnFalse AdvancedAddOnFalse LeandroStormerAddonFalse ScalperAddOnFalse ScalperAddOn2False SpecialOrderProAddOnFalse SpecialOrderRTAddOnFalse RoteamentoSubAccountFalse OliverInABoxFalse DeveloperFalse HasAlphaFalse HasCoviFalse ScalperDevFalse RotTestTickersFalse LongExportFalse LongTimesTradesFalse ScalperExportFalse TwoMVPowerFalse TwoMVForceFalse TwoMVDevFalse TwoMVRobotLiteFalse TwoMVRobotProFalse CarmineRobotFalse FgzRobotFalse HarmonicTradingFalse HasReplayFalse HasElevenNewsFalse HasTCNewsFalse HasTCNewsProFalse HasMarketAnalystFalse HasMarketConsumerFalse HasTesouroDiretoFalse HasSakuraFalse HasEduMoraesFalse HasPhiCubeIndexFalse HasPNBFalse HasZendeskFalse HasEduIndexNelogicaFalse HasRafaAnsaniFalse HasOppJoyFalse
07/11 15:10:17.345 | 15:10:16.747 : #00004C98 #Log#Roteamento  TMainProcessor.HandleActivateResult: WM_CONNECTOR_STATE_CONNECTION 3 0
07/11 15:10:17.345 | 15:10:16.747 : #00004C98 #Log#Roteamento  TConnectorThread.ProcessStateCallback: Type=3 Result=0
07/11 15:10:17.451 | 15:10:16.853 : #00004020 #Per#Mercury     TMercuryClient.ProcessMessage(1124):  Time=108.546
07/11 15:10:17.451 | 15:10:16.853 : #00004020 #Con#Mercury     TMercuryClientProcessor.SubscribeAll : BuildHistoricInfoMsg
07/11 15:10:17.451 | 15:10:16.853 : #00004020 #Con#Mercury     TMercuryClientProcessor.BuildHistoricInfoMsg : Date: 30/12/1899
07/11 15:10:17.451 | 15:10:16.853 : #00004020 #Con#Mercury     TMercuryClientProcessor.SendRequestDataSerie : [NoRequestsLeft]
07/11 15:10:17.451 | 15:10:16.853 : #00004020 #Con#Mercury     TCustomClient.HandleClientConnect connected : 6 :  SocketState=wsConnected AliveTimer=True SSL=False
07/11 15:10:17.452 | 15:10:16.854 : #00004F68 #Con#Info        TInfoClientProcessor.SendDataFilesVersion: MarketHours: B : 04/11/2022 11:17:59
07/11 15:10:17.452 | 15:10:16.854 : #00004F68 #Con#Info        TInfoClientProcessor.SendDataFilesVersion: MarketHours: F : 04/11/2022 11:12:34
07/11 15:10:17.452 | 15:10:16.854 : #00004F68 #Con#Info        TInfoClientProcessor.SendDataFilesVersion: MarketHours: E : 22/03/2021 13:45:13
07/11 15:10:17.452 | 15:10:16.854 : #00004F68 #Con#Info        TCustomClient.HandleClientConnect connected : 7 :  SocketState=wsConnected AliveTimer=True SSL=True
07/11 15:10:17.562 | 15:10:16.964 : #00004020 #Per#Mercury     TMercuryClient.ProcessMessage(1124):  Time=109.498
07/11 15:10:17.562 | 15:10:16.964 : #00004F68 #Con#Info        TCustomClientProcessor.ProcessMessage : MsgID=22 ERROR
07/11 15:10:17.562 | 15:10:16.964 : #00004F68 #Con#Info        TCustomClient.HandleClientConnect connected : 6 :  SocketState=wsConnected AliveTimer=True SSL=True
07/11 15:10:17.567 | 15:10:16.969 : #00004020 #Con#Mercury     TCustomClient.HandleClientConnect connected : 5 :  SocketState=wsConnected AliveTimer=True SSL=False
07/11 15:10:17.670 | 15:10:17.072 : #00004020 #Per#Mercury     TMercuryClient.ProcessMessage(1124):  Time=102.958
07/11 15:10:17.670 | 15:10:17.072 : #00004F68 #Con#Info        TCustomClientProcessor.ProcessMessage : MsgID=21 ERROR
07/11 15:10:17.671 | 15:10:17.073 : #00004F68 #Con#Info        TCustomClientProcessor.ProcessMessage : MsgID=21 ERROR
07/11 15:10:17.671 | 15:10:17.073 : #00004F68 #Con#Info        TCustomClient.HandleClientConnect connected : 5 :  SocketState=wsConnected AliveTimer=True SSL=True
07/11 15:10:17.679 | 15:10:17.081 : #00004020 #Con#Mercury     TCustomClient.HandleClientConnect connected : 4 :  SocketState=wsConnected AliveTimer=True SSL=False
07/11 15:10:17.777 | 15:10:17.179 : #00004F68 #Con#Info        TCustomClientProcessor.ProcessMessage : MsgID=21 ERROR
07/11 15:10:17.777 | 15:10:17.179 : #00004F68 #Con#Info        TCustomClientProcessor.ProcessMessage : MsgID=21 ERROR
07/11 15:10:17.777 | 15:10:17.179 : #00004F68 #Con#Info        TCustomClientProcessor.ProcessMessage : MsgID=21 ERROR
07/11 15:10:17.777 | 15:10:17.179 : #00004F68 #Con#Info        TCustomClient.HandleClientConnect connected : 4 :  SocketState=wsConnected AliveTimer=True SSL=True
07/11 15:10:17.791 | 15:10:17.193 : #00004020 #Per#Mercury     TMercuryClient.ProcessMessage(1124):  Time=112.845
07/11 15:10:17.801 | 15:10:17.203 : #00004020 #Con#Mercury     TCustomClient.HandleClientConnect connected : 3 :  SocketState=wsConnected AliveTimer=True SSL=False
07/11 15:10:17.882 | 15:10:17.284 : #00004F68 #Con#Info        TCustomClientProcessor.ProcessMessage : MsgID=21 ERROR
07/11 15:10:17.882 | 15:10:17.284 : #00004F68 #Con#Info        TCustomClientProcessor.ProcessMessage : MsgID=21 ERROR
07/11 15:10:17.882 | 15:10:17.284 : #00004F68 #Con#Info        TCustomClientProcessor.ProcessMessage : MsgID=21 ERROR
07/11 15:10:17.882 | 15:10:17.284 : #00004F68 #Con#Info        TCustomClientProcessor.ProcessMessage : MsgID=21 ERROR
07/11 15:10:17.882 | 15:10:17.284 : #00004F68 #Con#Info        TCustomClient.HandleClientConnect connected : 3 :  SocketState=wsConnected AliveTimer=True SSL=True
07/11 15:10:17.914 | 15:10:17.316 : #00004020 #Per#Mercury     TMercuryClient.ProcessMessage(1124):  Time=113.524
07/11 15:10:17.914 | 15:10:17.316 : #00004020 #Con#Mercury     TCustomClient.HandleClientConnect connected : 2 :  SocketState=wsConnected AliveTimer=True SSL=False
07/11 15:10:17.991 | 15:10:17.393 : #00004F68 #Con#Info        TCustomClientProcessor.ProcessMessage : MsgID=21 ERROR
07/11 15:10:17.991 | 15:10:17.393 : #00004F68 #Con#Info        TCustomClientProcessor.ProcessMessage : MsgID=21 ERROR
07/11 15:10:17.991 | 15:10:17.393 : #00004F68 #Con#Info        TCustomClientProcessor.ProcessMessage : MsgID=21 ERROR
07/11 15:10:17.991 | 15:10:17.393 : #00004F68 #Con#Info        TCustomClientProcessor.ProcessMessage : MsgID=21 ERROR
07/11 15:10:17.991 | 15:10:17.393 : #00004F68 #Con#Info        TCustomClientProcessor.ProcessMessage : MsgID=21 ERROR
07/11 15:10:17.991 | 15:10:17.393 : #00004F68 #Con#Info        TCustomClient.HandleClientConnect connected : 2 :  SocketState=wsConnected AliveTimer=True SSL=True
07/11 15:10:18.023 | 15:10:17.425 : #00004020 #Per#Mercury     TMercuryClient.ProcessMessage(1124):  Time=108.178
07/11 15:10:18.031 | 15:10:17.433 : #00004020 #Con#Mercury     TCustomClient.HandleClientConnect connected : 1 :  SocketState=wsConnected AliveTimer=True SSL=False
07/11 15:10:18.101 | 15:10:17.503 : #00004F68 #Con#Info        TCustomClientProcessor.ProcessMessage : MsgID=21 ERROR
07/11 15:10:18.101 | 15:10:17.503 : #00004F68 #Con#Info        TCustomClientProcessor.ProcessMessage : MsgID=21 ERROR
07/11 15:10:18.101 | 15:10:17.503 : #00004F68 #Con#Info        TCustomClientProcessor.ProcessMessage : MsgID=21 ERROR
07/11 15:10:18.101 | 15:10:17.503 : #00004F68 #Con#Info        TCustomClientProcessor.ProcessMessage : MsgID=21 ERROR
07/11 15:10:18.101 | 15:10:17.503 : #00004F68 #Con#Info        TCustomClientProcessor.ProcessMessage : MsgID=21 ERROR
07/11 15:10:18.101 | 15:10:17.503 : #00004F68 #Con#Info        TCustomClientProcessor.ProcessMessage : MsgID=21 ERROR
07/11 15:10:18.102 | 15:10:17.504 : #00004F68 #Con#Info        TCustomClient.HandleClientConnect connected : 1 :  SocketState=wsConnected AliveTimer=True SSL=True
07/11 15:10:18.146 | 15:10:17.548 : #00004020 #Per#Mercury     TMercuryClient.ProcessMessage(1124):  Time=114.736
07/11 15:10:18.164 | 15:10:17.566 : #00004020 #Con#Mercury     TCustomClient.HandleClientConnect connected : 0 :  SocketState=wsConnected AliveTimer=True SSL=False
07/11 15:10:18.206 | 15:10:17.608 : #00004F68 #Con#Info        TCustomClientProcessor.ProcessMessage : MsgID=21 ERROR
07/11 15:10:18.206 | 15:10:17.608 : #00004F68 #Con#Info        TCustomClientProcessor.ProcessMessage : MsgID=21 ERROR
07/11 15:10:18.206 | 15:10:17.608 : #00004F68 #Con#Info        TCustomClientProcessor.ProcessMessage : MsgID=21 ERROR
07/11 15:10:18.206 | 15:10:17.608 : #00004F68 #Con#Info        TCustomClientProcessor.ProcessMessage : MsgID=21 ERROR
07/11 15:10:18.206 | 15:10:17.608 : #00004F68 #Con#Info        TCustomClientProcessor.ProcessMessage : MsgID=21 ERROR
07/11 15:10:18.206 | 15:10:17.608 : #00004F68 #Con#Info        TCustomClientProcessor.ProcessMessage : MsgID=21 ERROR
07/11 15:10:18.206 | 15:10:17.608 : #00004F68 #Con#Info        TCustomClientProcessor.ProcessMessage : MsgID=21 ERROR
07/11 15:10:18.206 | 15:10:17.608 : #00004F68 #Con#Info        TCustomClient.HandleClientConnect connected : 0 :  SocketState=wsConnected AliveTimer=True SSL=True
07/11 15:10:18.206 | 15:10:17.608 : #00004F68 #Con#Info        TCustomClientProcessor.ProcessMessage : MsgID=21 ERROR
07/11 15:10:18.206 | 15:10:17.608 : #00004F68 #Con#Info        TCustomClientProcessor.ProcessMessage : MsgID=21 ERROR
07/11 15:10:18.207 | 15:10:17.609 : #00004F68 #Con#Info        TCustomClientProcessor.ProcessMessage : MsgID=21 ERROR
07/11 15:10:18.207 | 15:10:17.609 : #00004F68 #Con#Info        TCustomClientProcessor.ProcessMessage : MsgID=21 ERROR
07/11 15:10:18.207 | 15:10:17.609 : #00004F68 #Con#Info        TCustomClientProcessor.ProcessMessage : MsgID=21 ERROR
07/11 15:10:18.207 | 15:10:17.609 : #00004F68 #Con#Info        TCustomClientProcessor.ProcessMessage : MsgID=21 ERROR
07/11 15:10:18.207 | 15:10:17.609 : #00004F68 #Con#Info        TCustomClientProcessor.ProcessMessage : MsgID=21 ERROR
07/11 15:10:18.207 | 15:10:17.609 : #00004F68 #Con#Info        TCustomClientProcessor.ProcessMessage : MsgID=21 ERROR
07/11 15:10:18.207 | 15:10:17.609 : #00004F68 #Con#Info        TCustomClientProcessor.ProcessMessage : MsgID=21 ERROR
07/11 15:10:18.207 | 15:10:17.609 : #00004F68 #Con#Info        TCustomClientProcessor.ProcessMessage : MsgID=22 ERROR
07/11 15:10:18.207 | 15:10:17.609 : #00004F68 #Con#Info        TCustomClientProcessor.ProcessMessage : MsgID=22 ERROR
07/11 15:10:18.207 | 15:10:17.609 : #00004F68 #Con#Info        TCustomClientProcessor.ProcessMessage : MsgID=22 ERROR
07/11 15:10:18.276 | 15:10:17.678 : #00004F68 #Con#Info        TFilesProtocolDecoder.ProcessMarketHoursReceived: B
07/11 15:10:18.278 | 15:10:17.680 : #00004F68 #Con#Info        TFilesProtocolDecoder.ProcessMarketHoursReceived: F
07/11 15:10:18.278 | 15:10:17.680 : #00004F68 #Con#Info        TFilesProtocolDecoder.ProcessMarketHoursReceived: E
07/11 15:10:18.310 | 15:10:17.712 : #00004F68 #Con#Info        TServerListManager.LoadFromFile: bNoFile=Não
07/11 15:10:18.325 | 15:10:17.727 : #00004020 #Con#Mercury     TServerListManager.LoadFromFile: bNoFile=Não
07/11 15:10:22.781 | 15:10:22.183 : #00004020 #Con#Mercury     TMercuryClientProcessor.SendIamAlive : 07/11/2022 15:10:22
07/11 15:10:27.797 | 15:10:27.199 : #00004020 #Con#Mercury     TMercuryClientProcessor.ProcessInfoHistory : bLast : Assets: 65603
07/11 15:10:27.812 | 15:10:27.214 : #00004020 #Con#Mercury     TMercuryClientProcessor.ProcessImAlive : 07/11/2022 15:10:27.265 BookBMF=0 BookBovespa=0 TradesBMF=0 TradesBovespa=0 QuotesBMF=0 QuotesBovespa=0 TradesReplay=0 QuotesReplay=0
07/11 15:10:27.941 | 15:10:27.394 : #00004C98 #Per#Main        TCalcTickerInfoManager.ProcessMessage : WM_NEW_TICKER_INFO Time=142.907
07/11 15:10:32.780 | 15:10:32.233 : #00004020 #Con#Mercury     TMercuryClientProcessor.SendIamAlive : 07/11/2022 15:10:32
07/11 15:10:36.128 | 15:10:35.581 : #00004020 #Con#Mercury     TMercuryClientProcessor.ProcessImAlive : 07/11/2022 15:10:35.593 BookBMF=0 BookBovespa=0 TradesBMF=0 TradesBovespa=0 QuotesBMF=0 QuotesBovespa=0 TradesReplay=0 QuotesReplay=0
07/11 15:10:42.782 | 15:10:42.247 : #00004020 #Con#Mercury     TMercuryClientProcessor.SendIamAlive : 07/11/2022 15:10:42
07/11 15:10:46.082 | 15:10:45.547 : #00004020 #Con#Mercury     TMercuryClientProcessor.ProcessImAlive : 07/11/2022 15:10:45.546 BookBMF=0 BookBovespa=0 TradesBMF=0 TradesBovespa=0 QuotesBMF=0 QuotesBovespa=0 TradesReplay=0 QuotesReplay=0
07/11 15:10:52.782 | 15:10:52.246 : #00004020 #Con#Mercury     TMercuryClientProcessor.SendIamAlive : 07/11/2022 15:10:52
07/11 15:10:56.099 | 15:10:55.563 : #00004020 #Con#Mercury     TMercuryClientProcessor.ProcessImAlive : 07/11/2022 15:10:55.562 BookBMF=0 BookBovespa=0 TradesBMF=0 TradesBovespa=0 QuotesBMF=0 QuotesBovespa=0 TradesReplay=0 QuotesReplay=0
07/11 15:11:02.778 | 15:11:02.241 : #00004020 #Con#Mercury     TMercuryClientProcessor.SendIamAlive : 07/11/2022 15:11:02
07/11 15:11:06.195 | 15:11:05.658 : #00004020 #Con#Mercury     TMercuryClientProcessor.ProcessImAlive : 07/11/2022 15:11:05.640 BookBMF=0 BookBovespa=0 TradesBMF=0 TradesBovespa=0 QuotesBMF=0 QuotesBovespa=0 TradesReplay=0 QuotesReplay=0
07/11 15:11:12.780 | 15:11:12.223 : #00004020 #Con#Mercury     TMercuryClientProcessor.SendIamAlive : 07/11/2022 15:11:12
07/11 15:11:16.081 | 15:11:15.524 : #00004020 #Con#Mercury     TMercuryClientProcessor.ProcessImAlive : 07/11/2022 15:11:15.546 BookBMF=0 BookBovespa=0 TradesBMF=0 TradesBovespa=0 QuotesBMF=0 QuotesBovespa=0 TradesReplay=0 QuotesReplay=0
07/11 15:11:22.778 | 15:11:22.242 : #00004020 #Con#Mercury     TMercuryClientProcessor.SendIamAlive : 07/11/2022 15:11:22
07/11 15:11:26.086 | 15:11:25.550 : #00004020 #Con#Mercury     TMercuryClientProcessor.ProcessImAlive : 07/11/2022 15:11:25.546 BookBMF=0 BookBovespa=0 TradesBMF=0 TradesBovespa=0 QuotesBMF=0 QuotesBovespa=0 TradesReplay=0 QuotesReplay=0
07/11 15:11:32.778 | 15:11:32.238 : #00004020 #Con#Mercury     TMercuryClientProcessor.SendIamAlive : 07/11/2022 15:11:32
07/11 15:11:36.208 | 15:11:35.668 : #00004020 #Con#Mercury     TMercuryClientProcessor.ProcessImAlive : 07/11/2022 15:11:35.671 BookBMF=0 BookBovespa=0 TradesBMF=0 TradesBovespa=0 QuotesBMF=0 QuotesBovespa=0 TradesReplay=0 QuotesReplay=0
07/11 15:11:36.210 | 15:11:35.673 : #00004020 #Con#Mercury     TMercuryClientProcessor.SendCloseReason : Disconnected - Message sent to server | Reason: Execute Text=30/12/1899 
07/11 15:11:36.210 | 15:11:35.673 : #00004020 #Con#Mercury     TCustomClient.FWSocketSessionClosed : 0 :  SocketState=wsClosed AliveTimer=False SSL=False
07/11 15:11:36.210 | 15:11:35.673 : #00004F68 #Con#Info        TCustomClient.FWSocketSessionClosed : 0 :  SocketState=wsClosed AliveTimer=False SSL=False
07/11 15:11:39.419 | 15:11:38.882 : #00005958 #Con#Mercury     TCustomClient.Create SocketState=nil AliveTimer=nil
07/11 15:11:39.419 | 15:11:38.882 : #00005958 #Con#Mercury     TCustomClient.Create: After Read Proxy Settings SocketState=nil AliveTimer=nil
07/11 15:11:39.422 | 15:11:38.885 : #00005958 #Con#Mercury     TServerListManager.LoadFromFile: bNoFile=Não
07/11 15:11:39.423 | 15:11:38.886 : #00005958 #Con#Mercury     TCustomClientProcessor.GetHardwareID : Result : 19115DE9
07/11 15:11:39.423 | 15:11:38.886 : #00005958 #Con#Info        TCustomClient.Create SocketState=nil AliveTimer=nil
07/11 15:11:39.423 | 15:11:38.886 : #00005958 #Con#Info        TCustomClient.Create: After Read Proxy Settings SocketState=nil AliveTimer=nil
07/11 15:11:39.425 | 15:11:38.888 : #00005958 #Con#Info        TServerListManager.LoadFromFile: bNoFile=Não
07/11 15:11:39.426 | 15:11:38.889 : #00005958 #Con#Info        TCustomClientProcessor.GetHardwareID : Result : 19115DE9
07/11 15:11:39.526 | 15:11:38.989 : #00001BA4 #Con#Info        TCustomClient.ExecuteCreate: AliveTimer Interval=2000
07/11 15:11:39.558 | 15:11:39.021 : #00005248 #Con#Mercury     TCustomClient.ExecuteCreate: AliveTimer Interval=2000
07/11 15:11:39.647 | 15:11:39.110 : #00001BA4 #Con#Info        TCustomClient.Execute : Start SocketState=nil AliveTimer=False
07/11 15:11:39.683 | 15:11:39.146 : #00001BA4 #Con#Info        TCustomClient.BuildSocket: SocketState=wsClosed AliveTimer=False SSL=True
07/11 15:11:39.704 | 15:11:39.167 : #00005248 #Con#Mercury     TCustomClient.Execute : Start SocketState=nil AliveTimer=False
07/11 15:11:39.719 | 15:11:39.182 : #00005248 #Con#Mercury     TCustomClient.BuildSocket: SocketState=wsClosed AliveTimer=False SSL=False
07/11 15:11:39.733 | 15:11:39.196 : #00001BA4 #Con#Info        TCustomClient.ConfigureSocket : Sem Proxy SocketState=wsClosed AliveTimer=False SSL=True
07/11 15:11:39.733 | 15:11:39.196 : #00005248 #Con#Mercury     TCustomClient.ConfigureSocket : Sem Proxy SocketState=wsClosed AliveTimer=False SSL=False
07/11 15:11:39.733 | 15:11:39.196 : #00001BA4 #Con#Info        TCustomClient.ConfigureSocket : 191.239.246.202 : 643 | SSL= True SocketState=wsClosed AliveTimer=False SSL=True
07/11 15:11:39.733 | 15:11:39.196 : #00005248 #Con#Mercury     TCustomClient.ConfigureSocket : 191.234.160.194 : 443 | SSL= False SocketState=wsClosed AliveTimer=False SSL=False
07/11 15:11:39.733 | 15:11:39.196 : #00001BA4 #Con#Info        TCustomClient.HandleClientConnect: AliveTimer Interval=800
07/11 15:11:39.733 | 15:11:39.196 : #00005248 #Con#Mercury     TCustomClient.HandleClientConnect: AliveTimer Interval=800
07/11 15:11:39.733 | 15:11:39.196 : #00005958 #Log#Roteamento  TDataFeedManager.HandleConnectionState: WM_CONNECTOR_STATE_CONNECTION 2 MercuryState=1
07/11 15:11:39.733 | 15:11:39.196 : #00005958 #Log#Roteamento  TConnectorThread.ProcessStateCallback: Type=2 Result=1
07/11 15:11:39.734 | 15:11:39.197 : #00001BA4 #Con#Info        TCustomClient.HandleClientConnect SocketState=wsConnecting AliveTimer=True SSL=True
07/11 15:11:39.734 | 15:11:39.197 : #00005248 #Con#Mercury     TCustomClient.HandleClientConnect SocketState=wsConnecting AliveTimer=True SSL=False
07/11 15:11:39.763 | 15:11:39.226 : #00001BA4 #Con#Info        TCustomClient.FWSocketSessionConnected ok : 0 SocketState=wsConnected AliveTimer=False SSL=True
07/11 15:11:39.763 | 15:11:39.226 : #00001BA4 #Con#Info        TCustomClient.FWSocketSessionConnected: AliveTimer Interval=10000
07/11 15:11:39.877 | 15:11:39.340 : #00001BA4 #Con#Info        TInfoClientProcessor.BuildNewLoginMsg : HDSerial : 00523_D8_B1124B_01.D
07/11 15:11:39.877 | 15:11:39.340 : #00001BA4 #Con#Info        TInfoClientProcessor.BuildNewLoginMsg: Login=15557724710 PassHash=AA0***
07/11 15:11:39.877 | 15:11:39.340 : #00001BA4 #Con#Info        TInfoClientProcessor.BuildNewLoginMsg : Machine ID : 19115DE9 Product: Family:Unknown
07/11 15:11:39.877 | 15:11:39.340 : #00001BA4 #Con#Info        TInfoClientProcessor.Connected
07/11 15:11:39.966 | 15:11:39.429 : #00001BA4 #Con#Info        TCustomClient.FWSocketSslHandshakeDone: Success Address=191.239.246.202
07/11 15:11:40.007 | 15:11:39.470 : #00001BA4 #Con#Info        TInfoClientProcessor.ProcessLoginResult :
07/11 15:11:40.007 | 15:11:39.470 : #00001BA4 #Con#Info          ActivationResult=OK
07/11 15:11:40.007 | 15:11:39.470 : #00001BA4 #Con#Info          Mensagem=Ok
07/11 15:11:40.007 | 15:11:39.470 : #00001BA4 #Con#Info          Key=C8A17440EB83B237-396CEEF337DD8130
07/11 15:11:40.007 | 15:11:39.470 : #00001BA4 #Con#Info          ActivationCode=111**********410
07/11 15:11:40.007 | 15:11:39.470 : #00001BA4 #Con#Info          Bolsas=
07/11 15:11:40.007 | 15:11:39.470 : #00001BA4 #Con#Info          Corretoras=0
07/11 15:11:40.007 | 15:11:39.470 : #00001BA4 #Con#Info          Opcionais=2
07/11 15:11:40.007 | 15:11:39.470 : #00001BA4 #Con#Info          Contratos=0
07/11 15:11:40.007 | 15:11:39.470 : #00001BA4 #Con#Info          Product=
07/11 15:11:40.007 | 15:11:39.470 : #00001BA4 #Con#Info          TestLicense=True
07/11 15:11:40.009 | 15:11:39.472 : #00005958 #Log#Roteamento  TLicenseManager.SetCode:  Trial=False PrivateFalse RoteamentoFalse OptionsAddOnFalse AdvancedAddOnFalse LeandroStormerAddonFalse ScalperAddOnFalse ScalperAddOn2False SpecialOrderProAddOnFalse SpecialOrderRTAddOnFalse RoteamentoSubAccountFalse OliverInABoxFalse DeveloperFalse HasAlphaFalse HasCoviFalse ScalperDevFalse RotTestTickersFalse LongExportFalse LongTimesTradesFalse ScalperExportFalse TwoMVPowerFalse TwoMVForceFalse TwoMVDevFalse TwoMVRobotLiteFalse TwoMVRobotProFalse CarmineRobotFalse FgzRobotFalse HarmonicTradingFalse HasReplayFalse HasElevenNewsFalse HasTCNewsFalse HasTCNewsProFalse HasMarketAnalystFalse HasMarketConsumerFalse HasTesouroDiretoFalse HasSakuraFalse HasEduMoraesFalse HasPhiCubeIndexFalse HasPNBFalse HasZendeskFalse HasEduIndexNelogicaFalse HasRafaAnsaniFalse HasOppJoyFalse
07/11 15:11:40.009 | 15:11:39.472 : #00005958 #Log#Roteamento  TMainProcessor.HandleActivateResult: WM_CONNECTOR_STATE_CONNECTION 3 0
07/11 15:11:40.009 | 15:11:39.472 : #00005958 #Log#Roteamento  TConnectorThread.ProcessStateCallback: Type=3 Result=0
07/11 15:11:40.037 | 15:11:39.500 : #00001BA4 #Con#Info        TCustomClientProcessor.ProcessMessage : MsgID=22 ERROR
07/11 15:11:40.037 | 15:11:39.500 : #00001BA4 #Con#Info        TCustomClientProcessor.ProcessMessage : MsgID=22 ERROR
07/11 15:11:40.037 | 15:11:39.500 : #00001BA4 #Con#Info        TCustomClientProcessor.ProcessMessage : MsgID=22 ERROR
07/11 15:11:40.037 | 15:11:39.500 : #00001BA4 #Con#Info        TCustomClientProcessor.ProcessMessage : MsgID=22 ERROR
07/11 15:11:40.037 | 15:11:39.500 : #00001BA4 #Con#Info        TCustomClientProcessor.ProcessMessage : MsgID=21 ERROR
07/11 15:11:40.037 | 15:11:39.500 : #00001BA4 #Con#Info        TCustomClientProcessor.ProcessMessage : MsgID=21 ERROR
07/11 15:11:40.037 | 15:11:39.500 : #00001BA4 #Con#Info        TCustomClientProcessor.ProcessMessage : MsgID=21 ERROR
07/11 15:11:40.037 | 15:11:39.500 : #00001BA4 #Con#Info        TCustomClientProcessor.ProcessMessage : MsgID=21 ERROR
07/11 15:11:40.037 | 15:11:39.500 : #00001BA4 #Con#Info        TCustomClientProcessor.ProcessMessage : MsgID=21 ERROR
07/11 15:11:40.037 | 15:11:39.500 : #00001BA4 #Con#Info        TCustomClientProcessor.ProcessMessage : MsgID=21 ERROR
07/11 15:11:40.037 | 15:11:39.500 : #00001BA4 #Con#Info        TCustomClientProcessor.ProcessMessage : MsgID=21 ERROR
07/11 15:11:40.038 | 15:11:39.501 : #00001BA4 #Con#Info        TCustomClientProcessor.ProcessMessage : MsgID=21 ERROR
07/11 15:11:40.038 | 15:11:39.501 : #00001BA4 #Con#Info        TCustomClientProcessor.ProcessMessage : MsgID=21 ERROR
07/11 15:11:40.038 | 15:11:39.501 : #00001BA4 #Con#Info        TCustomClientProcessor.ProcessMessage : MsgID=21 ERROR
07/11 15:11:40.038 | 15:11:39.501 : #00001BA4 #Con#Info        TCustomClientProcessor.ProcessMessage : MsgID=21 ERROR
07/11 15:11:40.038 | 15:11:39.501 : #00001BA4 #Con#Info        TCustomClientProcessor.ProcessMessage : MsgID=21 ERROR
07/11 15:11:40.038 | 15:11:39.501 : #00001BA4 #Con#Info        TCustomClientProcessor.ProcessMessage : MsgID=21 ERROR
07/11 15:11:40.038 | 15:11:39.501 : #00001BA4 #Con#Info        TCustomClientProcessor.ProcessMessage : MsgID=21 ERROR
07/11 15:11:40.038 | 15:11:39.501 : #00001BA4 #Con#Info        TCustomClientProcessor.ProcessMessage : MsgID=21 ERROR
07/11 15:11:40.038 | 15:11:39.501 : #00001BA4 #Con#Info        TCustomClientProcessor.ProcessMessage : MsgID=21 ERROR
07/11 15:11:40.038 | 15:11:39.501 : #00001BA4 #Con#Info        TCustomClientProcessor.ProcessMessage : MsgID=21 ERROR
07/11 15:11:40.038 | 15:11:39.501 : #00001BA4 #Con#Info        TCustomClientProcessor.ProcessMessage : MsgID=21 ERROR
07/11 15:11:40.038 | 15:11:39.501 : #00001BA4 #Con#Info        TCustomClientProcessor.ProcessMessage : MsgID=21 ERROR
07/11 15:11:40.038 | 15:11:39.501 : #00001BA4 #Con#Info        TCustomClientProcessor.ProcessMessage : MsgID=21 ERROR
07/11 15:11:40.038 | 15:11:39.501 : #00001BA4 #Con#Info        TCustomClientProcessor.ProcessMessage : MsgID=21 ERROR
07/11 15:11:40.038 | 15:11:39.501 : #00001BA4 #Con#Info        TCustomClientProcessor.ProcessMessage : MsgID=21 ERROR
07/11 15:11:40.038 | 15:11:39.501 : #00001BA4 #Con#Info        TCustomClientProcessor.ProcessMessage : MsgID=21 ERROR
07/11 15:11:40.038 | 15:11:39.501 : #00001BA4 #Con#Info        TCustomClientProcessor.ProcessMessage : MsgID=21 ERROR
07/11 15:11:40.038 | 15:11:39.501 : #00001BA4 #Con#Info        TCustomClientProcessor.ProcessMessage : MsgID=21 ERROR
07/11 15:11:40.038 | 15:11:39.501 : #00001BA4 #Con#Info        TCustomClientProcessor.ProcessMessage : MsgID=21 ERROR
07/11 15:11:40.038 | 15:11:39.501 : #00001BA4 #Con#Info        TCustomClientProcessor.ProcessMessage : MsgID=21 ERROR
07/11 15:11:40.064 | 15:11:39.527 : #00001BA4 #Con#Info        TCustomClientProcessor.ProcessMessage : MsgID=21 ERROR
07/11 15:11:40.064 | 15:11:39.527 : #00001BA4 #Con#Info        TCustomClientProcessor.ProcessMessage : MsgID=21 ERROR
07/11 15:11:40.064 | 15:11:39.527 : #00001BA4 #Con#Info        TCustomClientProcessor.ProcessMessage : MsgID=21 ERROR
07/11 15:11:40.065 | 15:11:39.528 : #00001BA4 #Con#Info        TCustomClientProcessor.ProcessMessage : MsgID=21 ERROR
07/11 15:11:40.065 | 15:11:39.528 : #00001BA4 #Con#Info        TCustomClientProcessor.ProcessMessage : MsgID=21 ERROR
07/11 15:11:40.065 | 15:11:39.528 : #00001BA4 #Con#Info        TCustomClientProcessor.ProcessMessage : MsgID=21 ERROR
07/11 15:11:40.065 | 15:11:39.528 : #00001BA4 #Con#Info        TCustomClientProcessor.ProcessMessage : MsgID=21 ERROR
07/11 15:11:40.065 | 15:11:39.528 : #00001BA4 #Con#Info        TCustomClientProcessor.ProcessMessage : MsgID=21 ERROR
07/11 15:11:40.065 | 15:11:39.528 : #00001BA4 #Con#Info        TCustomClientProcessor.ProcessMessage : MsgID=21 ERROR
07/11 15:11:40.547 | 15:11:40.010 : #00005248 #Con#Mercury     TCustomClient.OnTimerProc: AliveTimer: 131507852  Timeout
07/11 15:11:40.547 | 15:11:40.010 : #00005248 #Con#Mercury     TMercuryClientProcessor.SendCloseReason : Disconnected - Unable to send message to server | Reason: ReconnectConnection Text=30/12/1899 
07/11 15:11:40.547 | 15:11:40.010 : #00005248 #Con#Mercury     TCustomClient.Reconnect SocketState=wsConnecting AliveTimer=False SSL=False PingReconnect=False
07/11 15:11:40.547 | 15:11:40.010 : #00005248 #Con#Mercury     TCustomClient.Reconnect: AliveTimer Interval=800
07/11 15:11:40.547 | 15:11:40.010 : #00005248 #Con#Mercury     TCustomClient.FWSocketSessionClosed : 0 :  SocketState=wsClosed AliveTimer=True SSL=False
07/11 15:11:40.548 | 15:11:40.011 : #00005248 #Con#Mercury     TCustomClient.FWSocketSessionClosed: AliveTimer Interval=800
07/11 15:11:40.548 | 15:11:40.011 : #00005248 #Con#Mercury     TCustomClient.FWSocketSessionClosed :  SocketState=wsClosed AliveTimer=True SSL=False
07/11 15:11:40.548 | 15:11:40.011 : #00005958 #Log#Roteamento  TDataFeedManager.HandleConnectionState: WM_CONNECTOR_STATE_CONNECTION 2 MercuryState=0
07/11 15:11:40.548 | 15:11:40.011 : #00005958 #Log#Roteamento  TConnectorThread.ProcessStateCallback: Type=2 Result=0
07/11 15:11:41.358 | 15:11:40.821 : #00005248 #Con#Mercury     TCustomClient.OnTimerProc: AliveTimer: 131507852  Timeout
07/11 15:11:41.358 | 15:11:40.821 : #00005248 #Con#Mercury     TMercuryClientProcessor.SendCloseReason : Disconnected - Unable to send message to server | Reason: ReconnectConnection Text=30/12/1899 
07/11 15:11:41.358 | 15:11:40.821 : #00005248 #Con#Mercury     TCustomClient.Reconnect SocketState=wsClosed AliveTimer=False SSL=False PingReconnect=False
07/11 15:11:41.358 | 15:11:40.821 : #00005248 #Con#Mercury     TCustomClient.Reconnect: AliveTimer Interval=800
07/11 15:11:41.359 | 15:11:40.822 : #00005248 #Con#Mercury     TCustomClient.ConfigureSocket : Sem Proxy SocketState=wsClosed AliveTimer=False SSL=False
07/11 15:11:41.359 | 15:11:40.822 : #00005248 #Con#Mercury     TCustomClient.ConfigureSocket : 186.202.36.239 : 543 | SSL= False SocketState=wsClosed AliveTimer=False SSL=False
07/11 15:11:41.359 | 15:11:40.822 : #00005248 #Con#Mercury     TCustomClient.HandleClientConnect: AliveTimer Interval=800
07/11 15:11:41.359 | 15:11:40.822 : #00005958 #Log#Roteamento  TDataFeedManager.HandleConnectionState: WM_CONNECTOR_STATE_CONNECTION 2 MercuryState=1
07/11 15:11:41.359 | 15:11:40.822 : #00005958 #Log#Roteamento  TConnectorThread.ProcessStateCallback: Type=2 Result=1
07/11 15:11:41.359 | 15:11:40.822 : #00005248 #Con#Mercury     TCustomClient.HandleClientConnect SocketState=wsConnecting AliveTimer=True SSL=False
07/11 15:11:41.379 | 15:11:40.842 : #00005248 #Con#Mercury     TCustomClient.FWSocketSessionConnected ok : 0 SocketState=wsConnected AliveTimer=False SSL=False
07/11 15:11:41.379 | 15:11:40.842 : #00005248 #Con#Mercury     TCustomClient.FWSocketSessionConnected: AliveTimer Interval=10000
07/11 15:11:41.379 | 15:11:40.842 : #00005248 #Con#Mercury     TMercuryClientProcessor.SendIamAlive : 07/11/2022 15:11:41
07/11 15:11:41.379 | 15:11:40.842 : #00005958 #Log#Roteamento  TDataFeedManager.HandleConnectionState: WM_CONNECTOR_STATE_CONNECTION 2 MercuryState=2
07/11 15:11:41.379 | 15:11:40.842 : #00005958 #Log#Roteamento  TConnectorThread.ProcessStateCallback: Type=2 Result=2
07/11 15:11:41.466 | 15:11:40.929 : #00005248 #Con#Mercury     TMercuryClientProcessor.BuildNewLoginMsg : HDSerial : 00523_D8_B1124B_01.D
07/11 15:11:41.466 | 15:11:40.929 : #00005248 #Con#Mercury     TMercuryClientProcessor.BuildNewLoginMsg: Login=15557724710 PassHash=AA0***
07/11 15:11:41.466 | 15:11:40.929 : #00005248 #Con#Mercury     TMercuryClientProcessor.BuildNewLoginMsg : Machine ID : 19115DE9
07/11 15:11:41.486 | 15:11:40.949 : #00005248 #Con#Mercury     TMercuryClientProcessor.ProcessImAlive : 07/11/2022 15:11:40.958 BookBMF=0 BookBovespa=0 TradesBMF=0 TradesBovespa=0 QuotesBMF=0 QuotesBovespa=0 TradesReplay=0 QuotesReplay=0
07/11 15:11:41.557 | 15:11:41.029 : #00005248 #Con#Mercury     TExchangeManager.AddExchangeInfo: IsReplay: 0 Bolsa: Bovespa B
07/11 15:11:41.557 | 15:11:41.029 : #00005248 #Con#Mercury     TExchangeManager.AddExchangeInfo: IsReplay: 0 Bolsa: BMF F
07/11 15:11:41.557 | 15:11:41.029 : #00005248 #Con#Mercury     TExchangeManager.AddExchangeInfo: IsReplay: 0 Bolsa: Economic E
07/11 15:11:41.557 | 15:11:41.029 : #00005248 #Con#Mercury     TMercuryClientProcessor.ProcessLoginResult : OK
07/11 15:11:41.557 | 15:11:41.029 : #00001BA4 #Con#Info        TInfoClientProcessor.SendMarketHourVersionForExchange: MarketHours: B : 04/11/2022 11:17:59
07/11 15:11:41.557 | 15:11:41.029 : #00005958 #Log#Roteamento  TDataFeedManager.HandleConnectionState: WM_CONNECTOR_STATE_CONNECTION 2 MercuryState=4
07/11 15:11:41.557 | 15:11:41.029 : #00005248 #Con#Mercury     TMercuryClientProcessor.ProcessTimeZoneServer : TimeZone : -180
07/11 15:11:41.557 | 15:11:41.029 : #00005958 #Log#Roteamento  TConnectorThread.ProcessStateCallback: Type=2 Result=4
07/11 15:11:41.558 | 15:11:41.030 : #00001BA4 #Con#Info        TInfoClientProcessor.SendMarketHourVersionForExchange: MarketHours: F : 04/11/2022 11:12:34
07/11 15:11:41.559 | 15:11:41.031 : #00005248 #Con#Mercury     TMercuryClientProcessor.SubscribeAll : BuildHistoricInfoMsg
07/11 15:11:41.559 | 15:11:41.031 : #00005248 #Con#Mercury     TMercuryClientProcessor.BuildHistoricInfoMsg : Date: 07/11/2022
07/11 15:11:41.559 | 15:11:41.031 : #00001BA4 #Con#Info        TInfoClientProcessor.SendMarketHourVersionForExchange: MarketHours: E : 22/03/2021 13:45:13
07/11 15:11:41.559 | 15:11:41.031 : #00005248 #Con#Mercury     TMercuryClientProcessor.SendRequestDataSerie : [NoRequestsLeft]
07/11 15:11:41.593 | 15:11:41.065 : #00001BA4 #Con#Info        TFilesProtocolDecoder.ProcessMarketHoursReceived: B
07/11 15:11:41.595 | 15:11:41.067 : #00001BA4 #Con#Info        TFilesProtocolDecoder.ProcessMarketHoursReceived: F
07/11 15:11:41.617 | 15:11:41.089 : #00001BA4 #Con#Info        TFilesProtocolDecoder.ProcessMarketHoursReceived: E
07/11 15:11:44.728 | 15:11:44.200 : #00005248 #Con#Mercury     TMercuryClientProcessor.ProcessInfoHistory : bLast : Assets: 66326
07/11 15:11:44.856 | 15:11:44.328 : #00005958 #Per#Main        TCalcTickerInfoManager.ProcessMessage : WM_NEW_TICKER_INFO Time=128.119
07/11 15:11:49.723 | 15:11:49.195 : #00005248 #Con#Mercury     TMercuryClientProcessor.ProcessImAlive : 07/11/2022 15:11:49.193 BookBMF=0 BookBovespa=0 TradesBMF=0 TradesBovespa=0 QuotesBMF=0 QuotesBovespa=0 TradesReplay=0 QuotesReplay=0
07/11 15:11:51.560 | 15:11:51.030 : #00005248 #Con#Mercury     TMercuryClientProcessor.SendIamAlive : 07/11/2022 15:11:51
07/11 15:11:59.723 | 15:11:59.193 : #00005248 #Con#Mercury     TMercuryClientProcessor.ProcessImAlive : 07/11/2022 15:11:59.193 BookBMF=0 BookBovespa=0 TradesBMF=0 TradesBovespa=0 QuotesBMF=0 QuotesBovespa=0 TradesReplay=0 QuotesReplay=0
07/11 15:12:01.563 | 15:12:01.033 : #00005248 #Con#Mercury     TMercuryClientProcessor.SendIamAlive : 07/11/2022 15:12:01
07/11 15:12:09.740 | 15:12:09.210 : #00005248 #Con#Mercury     TMercuryClientProcessor.ProcessImAlive : 07/11/2022 15:12:09.209 BookBMF=0 BookBovespa=0 TradesBMF=0 TradesBovespa=0 QuotesBMF=0 QuotesBovespa=0 TradesReplay=0 QuotesReplay=0
07/11 15:12:11.559 | 15:12:11.028 : #00005248 #Con#Mercury     TMercuryClientProcessor.SendIamAlive : 07/11/2022 15:12:11
07/11 15:12:19.742 | 15:12:19.211 : #00005248 #Con#Mercury     TMercuryClientProcessor.ProcessImAlive : 07/11/2022 15:12:19.210 BookBMF=0 BookBovespa=0 TradesBMF=0 TradesBovespa=0 QuotesBMF=0 QuotesBovespa=0 TradesReplay=0 QuotesReplay=0
07/11 15:12:21.560 | 15:12:21.028 : #00005248 #Con#Mercury     TMercuryClientProcessor.SendIamAlive : 07/11/2022 15:12:21
07/11 15:12:29.742 | 15:12:29.210 : #00005248 #Con#Mercury     TMercuryClientProcessor.ProcessImAlive : 07/11/2022 15:12:29.211 BookBMF=0 BookBovespa=0 TradesBMF=0 TradesBovespa=0 QuotesBMF=0 QuotesBovespa=0 TradesReplay=0 QuotesReplay=0
07/11 15:12:31.566 | 15:12:31.035 : #00005248 #Con#Mercury     TMercuryClientProcessor.SendIamAlive : 07/11/2022 15:12:31
07/11 15:12:39.224 | 15:12:38.693 : #00005098 #Log#Roteamento  ConnectorLibrary.SetChangeCotationCallback : 0
07/11 15:12:39.224 | 15:12:38.693 : #00005098 #Log#Roteamento  ConnectorLibrary.SetAssetListCallback : 0
07/11 15:12:39.224 | 15:12:38.693 : #00005098 #Log#Roteamento  ConnectorLibrary.SetChangeStateCallback : 0
07/11 15:12:39.224 | 15:12:38.693 : #00005098 #Log#Roteamento  ConnectorLibrary.SetAdjustHistoryCallback : 0
07/11 15:12:39.741 | 15:12:39.210 : #00005248 #Con#Mercury     TMercuryClientProcessor.ProcessImAlive : 07/11/2022 15:12:39.211 BookBMF=0 BookBovespa=0 TradesBMF=0 TradesBovespa=0 QuotesBMF=0 QuotesBovespa=0 TradesReplay=0 QuotesReplay=0
07/11 15:12:41.561 | 15:12:41.031 : #00005248 #Con#Mercury     TMercuryClientProcessor.SendIamAlive : 07/11/2022 15:12:41
07/11 15:12:49.743 | 15:12:49.213 : #00005248 #Con#Mercury     TMercuryClientProcessor.ProcessImAlive : 07/11/2022 15:12:49.212 BookBMF=0 BookBovespa=0 TradesBMF=0 TradesBovespa=0 QuotesBMF=0 QuotesBovespa=0 TradesReplay=0 QuotesReplay=0
07/11 15:12:51.565 | 15:12:51.033 : #00005248 #Con#Mercury     TMercuryClientProcessor.SendIamAlive : 07/11/2022 15:12:51
07/11 15:12:59.760 | 15:12:59.228 : #00005248 #Con#Mercury     TMercuryClientProcessor.ProcessImAlive : 07/11/2022 15:12:59.229 BookBMF=0 BookBovespa=0 TradesBMF=0 TradesBovespa=0 QuotesBMF=0 QuotesBovespa=0 TradesReplay=0 QuotesReplay=0
07/11 15:12:59.761 | 15:12:59.230 : #00005248 #Con#Mercury     TMercuryClientProcessor.SendCloseReason : Disconnected - Message sent to server | Reason: Execute Text=30/12/1899 
07/11 15:12:59.762 | 15:12:59.231 : #00005248 #Con#Mercury     TCustomClient.FWSocketSessionClosed : 0 :  SocketState=wsClosed AliveTimer=False SSL=False
07/11 15:12:59.764 | 15:12:59.233 : #00001BA4 #Con#Info        TCustomClient.FWSocketSessionClosed : 0 :  SocketState=wsClosed AliveTimer=False SSL=False
